<?xml version="1.0" encoding="UTF-8"?>
<testng-results ignored="0" total="1" passed="1" failed="0" skipped="0">
  <reporter-output>
  </reporter-output>
  <suite started-at="2024-08-17T21:03:10 EDT" name="Default suite" finished-at="2024-08-17T21:03:13 EDT" duration-ms="3048">
    <groups>
    </groups>
    <test started-at="2024-08-17T21:03:10 EDT" name="Default test" finished-at="2024-08-17T21:03:13 EDT" duration-ms="3048">
      <class name="test.LoginTests">
        <test-method is-config="true" signature="setup()[pri:0, instance:test.LoginTests@351d00c0]" started-at="2024-08-17T21:03:10 EDT" name="setup" finished-at="2024-08-17T21:03:12 EDT" duration-ms="1987" status="PASS">
          <reporter-output>
          </reporter-output>
        </test-method> <!-- setup -->
        <test-method signature="successfulLogin()[pri:0, instance:test.LoginTests@351d00c0]" started-at="2024-08-17T21:03:12 EDT" name="successfulLogin" finished-at="2024-08-17T21:03:13 EDT" duration-ms="908" status="PASS">
          <reporter-output>
          </reporter-output>
        </test-method> <!-- successfulLogin -->
        <test-method is-config="true" signature="teardown()[pri:0, instance:test.LoginTests@351d00c0]" started-at="2024-08-17T21:03:13 EDT" name="teardown" finished-at="2024-08-17T21:03:13 EDT" duration-ms="94" status="PASS">
          <reporter-output>
          </reporter-output>
        </test-method> <!-- teardown -->
      </class> <!-- test.LoginTests -->
    </test> <!-- Default test -->
  </suite> <!-- Default suite -->
</testng-results>
